2024-11-27 17:09:46,538 - INFO - Aquest és un missatge d'info.
2024-11-27 17:09:46,538 - ERROR - Aquest és un missatge d'error.
2024-11-27 17:09:46,538 - INFO - Missatge d'info que també es mostra per pantalla.
2024-11-27 17:09:46,539 - ERROR - Missatge d'error que també es mostra per pantalla.
2024-11-27 17:09:46,540 - ERROR - El número 1 és senar!
2024-11-27 17:09:46,541 - INFO - El número 2 és parell.
2024-11-27 17:09:46,542 - ERROR - El número 3 és senar!
2024-11-27 17:09:46,543 - INFO - El número 4 és parell.
2024-11-27 17:09:46,544 - ERROR - El número 5 és senar!
2024-11-27 17:09:46,545 - INFO - El número 6 és parell.
2024-11-27 17:09:46,545 - ERROR - El número 7 és senar!
2024-11-27 17:09:46,548 - INFO - El número 8 és parell.
2024-11-27 17:09:46,549 - ERROR - El número 9 és senar!
2024-11-27 17:09:46,550 - INFO - El número 10 és parell.
2024-11-27 17:09:46,550 - ERROR - El número 11 és senar!
2024-11-27 17:09:46,551 - INFO - El número 12 és parell.
2024-11-27 17:09:46,552 - ERROR - El número 13 és senar!
2024-11-27 17:09:46,552 - INFO - El número 14 és parell.
2024-11-27 17:09:46,553 - ERROR - El número 15 és senar!
2024-11-27 17:09:46,554 - INFO - El número 16 és parell.
2024-11-27 17:09:46,554 - ERROR - El número 17 és senar!
2024-11-27 17:09:46,555 - INFO - El número 18 és parell.
2024-11-27 17:09:46,556 - ERROR - El número 19 és senar!
2024-11-27 17:09:46,556 - INFO - El número 20 és parell.
