2024-11-19 19:13:29,087 - INFO - INFOOOOOOOOOOOOOOOOOOOOO
2024-11-19 19:13:29,089 - ERROR - ERROOOOOOOOOOOOOOOOOOOOOOOOORRR
2024-11-19 19:13:31,091 - INFO - INFOOOOOOOOOOOOOOOOOOOOO
2024-11-19 19:13:31,092 - ERROR - ERROOOOOOOOOOOOOOOOOOOOOOOOORRR
2024-11-19 19:13:33,093 - INFO - INFOOOOOOOOOOOOOOOOOOOOO
2024-11-19 19:13:33,095 - ERROR - ERROOOOOOOOOOOOOOOOOOOOOOOOORRR
2024-11-19 19:13:35,095 - INFO - INFOOOOOOOOOOOOOOOOOOOOO
2024-11-19 19:13:35,096 - ERROR - ERROOOOOOOOOOOOOOOOOOOOOOOOORRR
2024-11-19 19:13:37,098 - INFO - INFOOOOOOOOOOOOOOOOOOOOO
2024-11-19 19:13:37,099 - ERROR - ERROOOOOOOOOOOOOOOOOOOOOOOOORRR
2024-11-19 19:13:39,100 - INFO - INFOOOOOOOOOOOOOOOOOOOOO
2024-11-19 19:13:39,101 - ERROR - ERROOOOOOOOOOOOOOOOOOOOOOOOORRR
2024-11-19 19:13:41,102 - INFO - INFOOOOOOOOOOOOOOOOOOOOO
2024-11-19 19:13:41,103 - ERROR - ERROOOOOOOOOOOOOOOOOOOOOOOOORRR
2024-11-19 19:13:43,104 - INFO - INFOOOOOOOOOOOOOOOOOOOOO
2024-11-19 19:13:43,105 - ERROR - ERROOOOOOOOOOOOOOOOOOOOOOOOORRR
2024-11-19 19:13:45,106 - INFO - INFOOOOOOOOOOOOOOOOOOOOO
2024-11-19 19:13:45,107 - ERROR - ERROOOOOOOOOOOOOOOOOOOOOOOOORRR
2024-11-19 19:13:47,108 - INFO - INFOOOOOOOOOOOOOOOOOOOOO
2024-11-19 19:13:47,109 - ERROR - ERROOOOOOOOOOOOOOOOOOOOOOOOORRR
2024-11-19 19:13:49,110 - INFO - INFOOOOOOOOOOOOOOOOOOOOO
2024-11-19 19:13:49,111 - ERROR - ERROOOOOOOOOOOOOOOOOOOOOOOOORRR
2024-11-19 19:13:50,131 - INFO - Se termino
2024-11-19 19:13:50,139 - INFO - INFO
2024-11-19 19:13:50,141 - ERROR - ERROR
2024-11-19 19:13:52,142 - INFO - INFO
2024-11-19 19:13:52,143 - ERROR - ERROR
2024-11-19 19:13:54,144 - INFO - INFO
2024-11-19 19:13:54,145 - ERROR - ERROR
2024-11-19 19:13:56,146 - INFO - INFO
2024-11-19 19:13:56,147 - ERROR - ERROR
2024-11-19 19:13:58,148 - INFO - INFO
2024-11-19 19:13:58,149 - ERROR - ERROR
2024-11-19 19:14:00,150 - INFO - INFO
2024-11-19 19:14:00,151 - ERROR - ERROR
2024-11-19 19:14:02,152 - INFO - INFO
2024-11-19 19:14:02,153 - ERROR - ERROR
2024-11-19 19:14:04,154 - INFO - INFO
2024-11-19 19:14:04,156 - ERROR - ERROR
2024-11-19 19:14:06,157 - INFO - INFO
2024-11-19 19:14:06,158 - ERROR - ERROR
2024-11-19 19:14:08,159 - INFO - INFO
2024-11-19 19:14:08,160 - ERROR - ERROR
2024-11-19 19:14:10,161 - INFO - INFO
2024-11-19 19:14:10,162 - ERROR - ERROR
2024-11-19 19:14:12,163 - INFO - INFO
2024-11-19 19:14:12,164 - ERROR - ERROR
2024-11-19 19:14:14,165 - INFO - INFO
2024-11-19 19:14:14,166 - ERROR - ERROR
2024-11-19 19:14:16,167 - INFO - INFO
2024-11-19 19:14:16,168 - ERROR - ERROR
2024-11-19 19:14:18,169 - INFO - INFO
2024-11-19 19:14:18,170 - ERROR - ERROR
2024-11-19 19:14:20,171 - INFO - INFO
2024-11-19 19:14:20,172 - ERROR - ERROR
2024-11-19 19:14:22,173 - INFO - INFO
2024-11-19 19:14:22,175 - ERROR - ERROR
2024-11-19 19:14:24,176 - INFO - INFO
2024-11-19 19:14:24,177 - ERROR - ERROR
2024-11-19 19:14:26,178 - INFO - INFO
2024-11-19 19:14:26,179 - ERROR - ERROR
2024-11-19 19:14:28,180 - INFO - INFO
2024-11-19 19:14:28,182 - ERROR - ERROR
2024-11-19 19:14:28,568 - INFO - Se termino
2024-11-19 19:14:28,575 - INFO - INFO
2024-11-19 19:14:28,576 - ERROR - ERROR
2024-11-19 19:14:30,572 - INFO - Se termino
2024-11-19 19:14:38,739 - INFO - INFO
2024-11-19 19:14:38,740 - ERROR - ERROR
2024-11-19 19:14:40,741 - INFO - INFO
2024-11-19 19:14:40,743 - ERROR - ERROR
2024-11-19 19:14:42,744 - INFO - INFO
2024-11-19 19:14:42,745 - ERROR - ERROR
2024-11-19 19:14:44,746 - INFO - INFO
2024-11-19 19:14:44,747 - ERROR - ERROR
2024-11-19 19:14:46,749 - INFO - INFO
2024-11-19 19:14:46,750 - ERROR - ERROR
2024-11-19 19:14:48,751 - INFO - INFO
2024-11-19 19:14:48,752 - ERROR - ERROR
2024-11-19 19:14:50,753 - INFO - INFO
2024-11-19 19:14:50,754 - ERROR - ERROR
2024-11-19 19:14:52,755 - INFO - INFO
2024-11-19 19:14:52,756 - ERROR - ERROR
2024-11-19 19:14:54,757 - INFO - INFO
2024-11-19 19:14:54,758 - ERROR - ERROR
2024-11-19 19:14:56,759 - INFO - INFO
2024-11-19 19:14:56,760 - ERROR - ERROR
2024-11-19 19:14:58,761 - INFO - INFO
2024-11-19 19:14:58,762 - ERROR - ERROR
2024-11-19 19:15:00,763 - INFO - INFO
2024-11-19 19:15:00,764 - ERROR - ERROR
2024-11-19 19:15:02,764 - INFO - INFO
2024-11-19 19:15:02,765 - ERROR - ERROR
2024-11-19 19:15:04,767 - INFO - INFO
2024-11-19 19:15:04,768 - ERROR - ERROR
2024-11-19 19:15:06,769 - INFO - INFO
2024-11-19 19:15:06,770 - ERROR - ERROR
2024-11-19 19:15:08,771 - INFO - INFO
2024-11-19 19:15:08,772 - ERROR - ERROR
2024-11-19 19:15:10,773 - INFO - INFO
2024-11-19 19:15:10,774 - ERROR - ERROR
2024-11-19 19:15:12,774 - INFO - INFO
2024-11-19 19:15:12,775 - ERROR - ERROR
2024-11-19 19:15:14,776 - INFO - INFO
2024-11-19 19:15:14,778 - ERROR - ERROR
2024-11-19 19:15:16,779 - INFO - INFO
2024-11-19 19:15:16,780 - ERROR - ERROR
2024-11-19 19:15:18,781 - INFO - INFO
2024-11-19 19:15:18,782 - ERROR - ERROR
2024-11-19 19:15:20,624 - INFO - Se termino
